<?xml version="1.0" encoding="UTF-8"?>
<!-- Generated by org.testng.reporters.JUnitReportReporter -->
<testsuite hostname="cristina" failures="0" tests="2" name="com.herokuapp.tests.DropdownTests" time="7.442" errors="0" timestamp="2023-02-27T19:31:20 EET" skipped="0">
  <testcase classname="com.herokuapp.tests.DropdownTests" name="selectFirstOptionInDropDown" time="3.361"/>
  <system-out/>
  <testcase classname="com.herokuapp.tests.DropdownTests" name="selectSecondOptionInDropDown" time="4.081"/>
  <system-out/>
</testsuite> <!-- com.herokuapp.tests.DropdownTests -->
