<?xml version="1.0" encoding="UTF-8"?>
<!-- Generated by org.testng.reporters.JUnitReportReporter -->
<testsuite hostname="cristina" failures="0" tests="1" name="com.herokuapp.tests.LoginTests" time="7.987" errors="0" timestamp="2023-02-27T19:31:20 EET" skipped="0">
  <testcase classname="com.herokuapp.tests.LoginTests" name="positiveLogin" time="7.987"/>
  <system-out/>
</testsuite> <!-- com.herokuapp.tests.LoginTests -->
